build/app/outputs/mapping/release/mapping.txt
# compiler: R8
# compiler_version: 3.1.66
# min_api: 21
# pg_map_id: 248b00e
# common_typos_disable
# {"id":"com.android.tools.r8.mapping","version":"1.0"}
...
io.flutter.embedding.engine.renderer.FlutterRenderer$DisplayFeature -> t.a$b:
    io.flutter.embedding.engine.renderer.FlutterRenderer$DisplayFeatureState state -> c
    io.flutter.embedding.engine.renderer.FlutterRenderer$DisplayFeatureType type -> b
    android.graphics.Rect bounds -> a
io.flutter.embedding.engine.renderer.FlutterRenderer$DisplayFeatureState -> t.a$c:
    io.flutter.embedding.engine.renderer.FlutterRenderer$DisplayFeatureState[] $VALUES -> h
    int encodedValue -> d
    io.flutter.embedding.engine.renderer.FlutterRenderer$DisplayFeatureState POSTURE_HALF_OPENED -> g
    io.flutter.embedding.engine.renderer.FlutterRenderer$DisplayFeatureState POSTURE_FLAT -> f
    io.flutter.embedding.engine.renderer.FlutterRenderer$DisplayFeatureState UNKNOWN -> e
io.flutter.embedding.engine.renderer.FlutterRenderer$DisplayFeatureType -> t.a$d:
    io.flutter.embedding.engine.renderer.FlutterRenderer$DisplayFeatureType FOLD -> f
    io.flutter.embedding.engine.renderer.FlutterRenderer$DisplayFeatureType HINGE -> g
    io.flutter.embedding.engine.renderer.FlutterRenderer$DisplayFeatureType UNKNOWN -> e
    io.flutter.embedding.engine.renderer.FlutterRenderer$DisplayFeatureType CUTOUT -> h
    io.flutter.embedding.engine.renderer.FlutterRenderer$DisplayFeatureType[] $VALUES -> i
    int encodedValue -> d
io.flutter.embedding.engine.renderer.FlutterRenderer$SurfaceTextureFinalizerRunnable -> t.a$e:
    long id -> d
    io.flutter.embedding.engine.FlutterJNI flutterJNI -> e
io.flutter.embedding.engine.renderer.FlutterRenderer$SurfaceTextureRegistryEntry -> t.a$f:
    io.flutter.view.TextureRegistry$OnFrameConsumedListener frameConsumedListener -> e
    io.flutter.embedding.engine.renderer.SurfaceTextureWrapper textureWrapper -> b
    java.lang.Runnable onFrameConsumed -> f
    long id -> a
    io.flutter.view.TextureRegistry$OnTrimMemoryListener trimMemoryListener -> d
    boolean released -> c
    android.graphics.SurfaceTexture$OnFrameAvailableListener onFrameListener -> g
    io.flutter.embedding.engine.renderer.FlutterRenderer this$0 -> h
    void setOnTrimMemoryListener(io.flutter.view.TextureRegistry$OnTrimMemoryListener) -> a
    long id() -> b
    void setOnFrameConsumedListener(io.flutter.view.TextureRegistry$OnFrameConsumedListener) -> c
    android.graphics.SurfaceTexture surfaceTexture() -> d
    io.flutter.view.TextureRegistry$OnFrameConsumedListener access$100(io.flutter.embedding.engine.renderer.FlutterRenderer$SurfaceTextureRegistryEntry) -> e
    boolean access$200(io.flutter.embedding.engine.renderer.FlutterRenderer$SurfaceTextureRegistryEntry) -> f
    long access$400(io.flutter.embedding.engine.renderer.FlutterRenderer$SurfaceTextureRegistryEntry) -> g
    io.flutter.embedding.engine.renderer.SurfaceTextureWrapper textureWrapper() -> h
io.flutter.embedding.engine.renderer.FlutterRenderer$SurfaceTextureRegistryEntry$1 -> t.a$f$a:
    io.flutter.embedding.engine.renderer.FlutterRenderer$SurfaceTextureRegistryEntry this$1 -> d
io.flutter.embedding.engine.renderer.FlutterRenderer$SurfaceTextureRegistryEntry$2 -> t.a$f$b:
    io.flutter.embedding.engine.renderer.FlutterRenderer$SurfaceTextureRegistryEntry this$1 -> a
io.flutter.embedding.engine.renderer.FlutterRenderer$ViewportMetrics -> t.a$g:
    int systemGestureInsetBottom -> n
    int systemGestureInsetLeft -> o
    java.util.List displayFeatures -> q
    int systemGestureInsetTop -> l
    int systemGestureInsetRight -> m
    int viewInsetBottom -> j
    int viewInsetLeft -> k
    int viewInsetTop -> h
    int viewInsetRight -> i
    int viewPaddingBottom -> f
    int viewPaddingLeft -> g
    int viewPaddingTop -> d
    float devicePixelRatio -> a
    int viewPaddingRight -> e
    int width -> b
    int height -> c
    int physicalTouchSlop -> p
    boolean validate() -> a
io.flutter.embedding.engine.renderer.FlutterUiDisplayListener -> t.b:
    void onFlutterUiDisplayed() -> d
    void onFlutterUiNoLongerDisplayed() -> f